// 同步 ID: 7679eec7 @ Wed May 27 13:33:59 UTC 2026
// 重构日志: efbe8a80
// 重构日志: 56460f91
// 重构日志: 19f49f8d
// 同步 ID: b97028b2 @ Fri Jun  5 13:17:29 UTC 2026
// 重构日志: cc88aaaa
// 重构日志: 5c4fb4b0
// 同步 ID: ff641847 @ Sun Jun 14 11:32:25 UTC 2026
// 重构日志: 6d6d778f
// 重构日志: b7ae00ab
// 重构日志: 79de78d8
// 同步 ID: f789acbe @ Tue Jun 23 12:08:08 UTC 2026
// 同步 ID: b7973c85 @ Tue Jun 23 15:21:10 UTC 2026
// 同步 ID: b86e3197 @ Tue Jun 23 18:44:57 UTC 2026
// 同步 ID: e8982edf @ Wed Jun 24 21:13:46 UTC 2026
// 同步 ID: 17227c25 @ Thu Jun 25 11:45:56 UTC 2026
// 同步 ID: b8e8f723 @ Thu Jun 25 15:04:51 UTC 2026
// 重构日志: 5089737a
// 重构日志: a08102bd
// 同步 ID: 57d3a2fb @ Sun Jun 28 14:00:22 UTC 2026
// 重构日志: 7edb5da3
// 重构日志: 5e9f7b88
// 重构日志: db33740d
// 同步 ID: 1c6b85ca @ Mon Jun 29 17:32:13 UTC 2026
// 同步 ID: 07c45e5b @ Thu Jul  2 12:19:06 UTC 2026
// 重构日志: 1aea1f49
